2025-06-20 22:00:04,175 - SLEEP MODE - INFO - libssl detected, it will be used for encryption
2025-06-20 22:00:04,175 - SLEEP MODE - INFO - libssl detected, it will be used for encryption
2025-06-20 22:00:04,322 - SLEEP MODE - INFO - 🚀 Inicializando Sistema de Perfección Continua...
2025-06-20 22:00:04,322 - SLEEP MODE - INFO - 🚀 Inicializando Sistema de Perfección Continua...
2025-06-20 22:00:04,323 - SLEEP MODE - INFO - 🔐 Conectando cliente de testing...
2025-06-20 22:00:04,323 - SLEEP MODE - INFO - 🔐 Conectando cliente de testing...
2025-06-20 22:00:04,323 - SLEEP MODE - INFO - Connecting to 149.154.167.51:443/TcpFull...
2025-06-20 22:00:04,323 - SLEEP MODE - INFO - Connecting to 149.154.167.51:443/TcpFull...
2025-06-20 22:00:05,777 - SLEEP MODE - INFO - Connection to 149.154.167.51:443/TcpFull complete!
2025-06-20 22:00:05,777 - SLEEP MODE - INFO - Connection to 149.154.167.51:443/TcpFull complete!
2025-06-20 22:00:06,715 - SLEEP MODE - INFO - Phone migrated to 1
2025-06-20 22:00:06,715 - SLEEP MODE - INFO - Phone migrated to 1
2025-06-20 22:00:06,908 - SLEEP MODE - INFO - Reconnecting to new data center 1
2025-06-20 22:00:06,908 - SLEEP MODE - INFO - Reconnecting to new data center 1
2025-06-20 22:00:07,074 - SLEEP MODE - INFO - Disconnecting from 149.154.167.51:443/TcpFull...
2025-06-20 22:00:07,074 - SLEEP MODE - INFO - Disconnecting from 149.154.167.51:443/TcpFull...
2025-06-20 22:00:07,074 - SLEEP MODE - INFO - Disconnection from 149.154.167.51:443/TcpFull complete!
2025-06-20 22:00:07,074 - SLEEP MODE - INFO - Disconnection from 149.154.167.51:443/TcpFull complete!
2025-06-20 22:00:07,075 - SLEEP MODE - INFO - Connecting to 149.154.175.57:443/TcpFull...
2025-06-20 22:00:07,075 - SLEEP MODE - INFO - Connecting to 149.154.175.57:443/TcpFull...
2025-06-20 22:00:08,303 - SLEEP MODE - INFO - Connection to 149.154.175.57:443/TcpFull complete!
2025-06-20 22:00:08,303 - SLEEP MODE - INFO - Connection to 149.154.175.57:443/TcpFull complete!
Please enter the code you received: 2025-06-20 22:00:35,928 - SLEEP MODE - INFO - ✅ Sistema inicializado correctamente
2025-06-20 22:00:35,928 - SLEEP MODE - INFO - 🌙 SLEEP MODE ACTIVADO
2025-06-20 22:00:35,928 - SLEEP MODE - INFO - 🎯 Objetivos nocturnos más estrictos configurados
2025-06-20 22:00:35,928 - SLEEP MODE - INFO - 🔧 Auto-reparación habilitada para bugs de testing
2025-06-20 22:00:35,928 - SLEEP MODE - INFO - ⏰ Ciclos cada 30 minutos hasta alcanzar perfección
Signed in successfully as Rob G; remember to not break the ToS or you will risk an account ban!
2025-06-20 22:00:35,928 - SLEEP MODE - INFO - ✅ Sistema inicializado correctamente
2025-06-20 22:00:35,928 - SLEEP MODE - INFO - 🌙 SLEEP MODE ACTIVADO
2025-06-20 22:00:35,928 - SLEEP MODE - INFO - 🔄 CICLO NOCTURNO #1 - 22:00:35
2025-06-20 22:00:35,928 - SLEEP MODE - INFO - 🎯 Objetivos nocturnos más estrictos configurados
2025-06-20 22:00:35,928 - SLEEP MODE - INFO - 🔧 Auto-reparación habilitada para bugs de testing
2025-06-20 22:00:35,928 - SLEEP MODE - INFO - ⏰ Ciclos cada 30 minutos hasta alcanzar perfección
2025-06-20 22:00:35,928 - SLEEP MODE - INFO - 
🎯 INICIANDO SUITE DE PERFECCIÓN
2025-06-20 22:00:35,928 - SLEEP MODE - INFO - ================================================================================
2025-06-20 22:00:35,928 - SLEEP MODE - INFO - 🔄 CICLO NOCTURNO #1 - 22:00:35
2025-06-20 22:00:35,928 - SLEEP MODE - INFO - 
🧪 Ejecutando: basic_greeting
2025-06-20 22:00:35,928 - SLEEP MODE - INFO - 
================================================================================
2025-06-20 22:00:35,928 - SLEEP MODE - INFO - 
🎯 INICIANDO SUITE DE PERFECCIÓN
2025-06-20 22:00:35,928 - SLEEP MODE - INFO - ================================================================================
2025-06-20 22:00:35,928 - SLEEP MODE - INFO - 🧪 EJECUTANDO TEST COMPRENSIVO: basic_greeting
2025-06-20 22:00:35,928 - SLEEP MODE - INFO - 📝 Mensaje: 'Hello! How are you today?'
2025-06-20 22:00:35,928 - SLEEP MODE - INFO - ================================================================================
2025-06-20 22:00:35,928 - SLEEP MODE - INFO - 
🧪 Ejecutando: basic_greeting
2025-06-20 22:00:35,928 - SLEEP MODE - INFO - 
================================================================================
2025-06-20 22:00:35,928 - SLEEP MODE - INFO - 📤 Enviando: 'Hello! How are you today?'
2025-06-20 22:00:35,928 - SLEEP MODE - INFO - 🧪 EJECUTANDO TEST COMPRENSIVO: basic_greeting
2025-06-20 22:00:35,928 - SLEEP MODE - INFO - 📝 Mensaje: 'Hello! How are you today?'
2025-06-20 22:00:35,928 - SLEEP MODE - INFO - ================================================================================
2025-06-20 22:00:35,928 - SLEEP MODE - INFO - 📤 Enviando: 'Hello! How are you today?'
2025-06-20 22:00:36,284 - SLEEP MODE - INFO - 🔍 Verificando dashboard...
2025-06-20 22:00:36,284 - SLEEP MODE - INFO - 🔍 Verificando dashboard...
2025-06-20 22:00:36,293 - SLEEP MODE - WARNING - ⚠️ Dashboard response 404
2025-06-20 22:00:36,293 - SLEEP MODE - WARNING - ⚠️ Dashboard response 404
2025-06-20 22:00:37,298 - SLEEP MODE - WARNING - ⚠️ Dashboard response 404
2025-06-20 22:00:37,298 - SLEEP MODE - WARNING - ⚠️ Dashboard response 404
2025-06-20 22:00:39,303 - SLEEP MODE - WARNING - ⚠️ Dashboard response 404
2025-06-20 22:00:39,303 - SLEEP MODE - WARNING - ⚠️ Dashboard response 404
2025-06-20 22:00:43,310 - SLEEP MODE - WARNING - ⚠️ Dashboard response 404
2025-06-20 22:00:43,310 - SLEEP MODE - WARNING - ⚠️ Dashboard response 404
2025-06-20 22:00:51,316 - SLEEP MODE - WARNING - ⚠️ Dashboard response 404
2025-06-20 22:00:51,316 - SLEEP MODE - WARNING - ⚠️ Dashboard response 404
2025-06-20 22:01:02,265 - SLEEP MODE - WARNING - ⚠️ Dashboard response 404
2025-06-20 22:01:02,265 - SLEEP MODE - WARNING - ⚠️ Dashboard response 404
2025-06-20 22:01:10,276 - SLEEP MODE - WARNING - ⚠️ Dashboard response 404
2025-06-20 22:01:10,276 - SLEEP MODE - WARNING - ⚠️ Dashboard response 404
2025-06-20 22:01:18,285 - SLEEP MODE - WARNING - ⚠️ Dashboard response 404
2025-06-20 22:01:18,285 - SLEEP MODE - WARNING - ⚠️ Dashboard response 404
2025-06-20 22:01:26,296 - SLEEP MODE - WARNING - ⚠️ Dashboard response 404
2025-06-20 22:01:26,296 - SLEEP MODE - WARNING - ⚠️ Dashboard response 404
2025-06-20 22:01:37,236 - SLEEP MODE - WARNING - ⚠️ Dashboard response 404
2025-06-20 22:01:37,236 - SLEEP MODE - WARNING - ⚠️ Dashboard response 404
2025-06-20 22:01:45,248 - SLEEP MODE - WARNING - ⚠️ Dashboard response 404
2025-06-20 22:01:45,248 - SLEEP MODE - WARNING - ⚠️ Dashboard response 404
2025-06-20 22:01:53,258 - SLEEP MODE - WARNING - ⚠️ Dashboard response 404
2025-06-20 22:01:53,258 - SLEEP MODE - WARNING - ⚠️ Dashboard response 404
2025-06-20 22:02:01,269 - SLEEP MODE - WARNING - ⚠️ Dashboard response 404
2025-06-20 22:02:01,269 - SLEEP MODE - WARNING - ⚠️ Dashboard response 404
2025-06-20 22:02:12,210 - SLEEP MODE - WARNING - ⚠️ Dashboard response 404
2025-06-20 22:02:12,210 - SLEEP MODE - WARNING - ⚠️ Dashboard response 404
2025-06-20 22:02:20,220 - SLEEP MODE - WARNING - ⚠️ Dashboard response 404
2025-06-20 22:02:20,220 - SLEEP MODE - WARNING - ⚠️ Dashboard response 404
2025-06-20 22:02:28,230 - SLEEP MODE - ERROR - ❌ Timeout: Mensaje no encontrado en dashboard
2025-06-20 22:02:28,230 - SLEEP MODE - INFO - 🔍 Ejecutando detección automática de problemas...
2025-06-20 22:02:28,230 - SLEEP MODE - ERROR - ❌ Timeout: Mensaje no encontrado en dashboard
2025-06-20 22:02:28,230 - SLEEP MODE - INFO - 🔍 Ejecutando detección automática de problemas...
2025-06-20 22:02:28,230 - SLEEP MODE - WARNING - ⚠️ Problema detectado: Test tardó 112.30s (límite: 8.0s)
2025-06-20 22:02:28,230 - SLEEP MODE - WARNING - ⚠️ Problema detectado: Paso falló: appeared_in_dashboard
2025-06-20 22:02:28,230 - SLEEP MODE - WARNING - ⚠️ Problema detectado: Test tardó 112.30s (límite: 8.0s)
2025-06-20 22:02:28,230 - SLEEP MODE - WARNING - ⚠️ Problema detectado: Paso falló: appeared_in_dashboard
2025-06-20 22:02:28,231 - SLEEP MODE - INFO - 
❌ TEST basic_greeting - FAILED
2025-06-20 22:02:28,231 - SLEEP MODE - INFO - 
❌ TEST basic_greeting - FAILED
2025-06-20 22:02:28,231 - SLEEP MODE - INFO -    Duración: 112.30s
2025-06-20 22:02:28,231 - SLEEP MODE - INFO -    Duración: 112.30s
2025-06-20 22:02:28,231 - SLEEP MODE - INFO -    Pasos exitosos: 1/2
2025-06-20 22:02:28,231 - SLEEP MODE - INFO -    Pasos exitosos: 1/2
2025-06-20 22:02:31,234 - SLEEP MODE - INFO - 
🧪 Ejecutando: name_introduction
2025-06-20 22:02:31,234 - SLEEP MODE - INFO - 
================================================================================
2025-06-20 22:02:31,234 - SLEEP MODE - INFO - 🧪 EJECUTANDO TEST COMPRENSIVO: name_introduction
2025-06-20 22:02:31,234 - SLEEP MODE - INFO - 📝 Mensaje: 'My name is Alex and I'm new here'
2025-06-20 22:02:31,234 - SLEEP MODE - INFO - 
🧪 Ejecutando: name_introduction
2025-06-20 22:02:31,234 - SLEEP MODE - INFO - 
================================================================================
2025-06-20 22:02:31,234 - SLEEP MODE - INFO - ================================================================================
2025-06-20 22:02:31,234 - SLEEP MODE - INFO - 🧪 EJECUTANDO TEST COMPRENSIVO: name_introduction
2025-06-20 22:02:31,234 - SLEEP MODE - INFO - 📝 Mensaje: 'My name is Alex and I'm new here'
2025-06-20 22:02:31,234 - SLEEP MODE - INFO - ================================================================================
2025-06-20 22:02:31,234 - SLEEP MODE - INFO - 📤 Enviando: 'My name is Alex and I'm new here'
2025-06-20 22:02:31,234 - SLEEP MODE - INFO - 📤 Enviando: 'My name is Alex and I'm new here'
2025-06-20 22:02:31,354 - SLEEP MODE - INFO - 🔍 Verificando dashboard...
2025-06-20 22:02:31,354 - SLEEP MODE - INFO - 🔍 Verificando dashboard...
2025-06-20 22:02:31,357 - SLEEP MODE - WARNING - ⚠️ Dashboard response 404
2025-06-20 22:02:31,357 - SLEEP MODE - WARNING - ⚠️ Dashboard response 404
2025-06-20 22:02:32,361 - SLEEP MODE - WARNING - ⚠️ Dashboard response 404
2025-06-20 22:02:32,361 - SLEEP MODE - WARNING - ⚠️ Dashboard response 404
2025-06-20 22:02:34,367 - SLEEP MODE - WARNING - ⚠️ Dashboard response 404
2025-06-20 22:02:34,367 - SLEEP MODE - WARNING - ⚠️ Dashboard response 404
2025-06-20 22:02:38,372 - SLEEP MODE - WARNING - ⚠️ Dashboard response 404
2025-06-20 22:02:38,372 - SLEEP MODE - WARNING - ⚠️ Dashboard response 404
2025-06-20 22:02:49,314 - SLEEP MODE - WARNING - ⚠️ Dashboard response 404
2025-06-20 22:02:49,314 - SLEEP MODE - WARNING - ⚠️ Dashboard response 404
2025-06-20 22:02:57,322 - SLEEP MODE - WARNING - ⚠️ Dashboard response 404
2025-06-20 22:02:57,322 - SLEEP MODE - WARNING - ⚠️ Dashboard response 404
2025-06-20 22:03:05,327 - SLEEP MODE - WARNING - ⚠️ Dashboard response 404
2025-06-20 22:03:05,327 - SLEEP MODE - WARNING - ⚠️ Dashboard response 404
2025-06-20 22:03:13,336 - SLEEP MODE - WARNING - ⚠️ Dashboard response 404
2025-06-20 22:03:13,336 - SLEEP MODE - WARNING - ⚠️ Dashboard response 404
2025-06-20 22:03:24,272 - SLEEP MODE - WARNING - ⚠️ Dashboard response 404
2025-06-20 22:03:24,272 - SLEEP MODE - WARNING - ⚠️ Dashboard response 404
2025-06-20 22:03:32,282 - SLEEP MODE - WARNING - ⚠️ Dashboard response 404
2025-06-20 22:03:32,282 - SLEEP MODE - WARNING - ⚠️ Dashboard response 404
2025-06-20 22:03:40,293 - SLEEP MODE - WARNING - ⚠️ Dashboard response 404
2025-06-20 22:03:40,293 - SLEEP MODE - WARNING - ⚠️ Dashboard response 404
2025-06-20 22:03:48,298 - SLEEP MODE - WARNING - ⚠️ Dashboard response 404
2025-06-20 22:03:48,298 - SLEEP MODE - WARNING - ⚠️ Dashboard response 404
2025-06-20 22:03:59,223 - SLEEP MODE - WARNING - ⚠️ Dashboard response 404
2025-06-20 22:03:59,223 - SLEEP MODE - WARNING - ⚠️ Dashboard response 404
2025-06-20 22:04:07,336 - SLEEP MODE - WARNING - ⚠️ Intento 14 falló: Cannot connect to host localhost:8000 ssl:default [Connect call failed ('127.0.0.1', 8000)]
2025-06-20 22:04:07,336 - SLEEP MODE - WARNING - ⚠️ Intento 14 falló: Cannot connect to host localhost:8000 ssl:default [Connect call failed ('127.0.0.1', 8000)]
2025-06-20 22:04:07,971 - SLEEP MODE - INFO - Disconnecting from 149.154.175.57:443/TcpFull...
2025-06-20 22:04:07,972 - SLEEP MODE - INFO - Disconnection from 149.154.175.57:443/TcpFull complete!
2025-06-20 22:04:07,972 - SLEEP MODE - INFO - 🌅 Sleep mode finalizado - ¡Buenos días!
